\BOOKMARK [1][-]{section.1}{\376\377\361\235\000\040\000E\000D\000U\000C\000A\000T\000I\000O\000N}{}% 1
\BOOKMARK [2][-]{subsection.1.1}{\376\377\000T\000i\000a\000n\000g\000o\000n\000g\000\040\000U\000n\000i\000v\000e\000r\000s\000i\000t\000y\000,\000\040\000T\000i\000a\000n\000j\000i\000n\000\040\000C\000i\000t\000y\000,\000C\000h\000i\000n\000a}{section.1}% 2
\BOOKMARK [1][-]{section.2}{\376\377\360\303\000\040\000S\000C\000I\000E\000N\000T\000I\000F\000I\000C\000\040\000R\000E\000S\000E\000A\000R\000C\000H}{}% 3
\BOOKMARK [2][-]{subsection.2.1}{\376\377\000F\000u\000n\000d\000u\000s\000\040\000i\000m\000a\000g\000e\000\040\000m\000o\000s\000a\000i\000c}{section.2}% 4
\BOOKMARK [2][-]{subsection.2.2}{\376\377\000H\000e\000a\000r\000t\000\040\000r\000a\000t\000e\000\040\000a\000n\000d\000\040\000b\000l\000o\000o\000d\000\040\000p\000r\000e\000s\000s\000u\000r\000e\000\040\000m\000e\000a\000s\000u\000r\000e\000m\000e\000n\000t\000\040\000m\000e\000t\000h\000o\000d\000\040\000b\000a\000s\000e\000d\000\040\000o\000n\000\040\000T\000O\000I}{section.2}% 5
\BOOKMARK [1][-]{section.3}{\376\377\360\261\000\040\000S\000T\000U\000D\000E\000N\000T\000\040\000W\000O\000R\000K}{}% 6
\BOOKMARK [2][-]{subsection.3.1}{\376\377\000T\000h\000e\000\040\000S\000t\000u\000d\000e\000n\000t\000\040\000U\000n\000i\000o\000n\000\040\000O\000f\000f\000i\000c\000e\000r}{section.3}% 7
\BOOKMARK [2][-]{subsection.3.2}{\376\377\000C\000l\000a\000s\000s\000\040\000c\000a\000d\000r\000e\000\040\000P\000u\000b\000l\000i\000c\000i\000t\000y\000\040\000c\000o\000m\000m\000i\000t\000t\000e\000e\000\040\000m\000e\000m\000b\000e\000r}{section.3}% 8
\BOOKMARK [2][-]{subsection.3.3}{\376\377\000C\000l\000a\000s\000s\000\040\000c\000a\000d\000r\000e\000\040\000L\000e\000a\000g\000u\000e\000\040\000b\000r\000a\000n\000c\000h\000\040\000s\000e\000c\000r\000e\000t\000a\000r\000y}{section.3}% 9
\BOOKMARK [1][-]{section.4}{\376\377\360\044\000\040\000H\000O\000B\000B\000Y}{}% 10
\BOOKMARK [1][-]{section.5}{\376\377\361\051\000\040\000S\000E\000L\000F\000-\000E\000V\000A\000L\000U\000A\000T\000I\000O\000N}{}% 11
\BOOKMARK [1][-]{section.6}{\376\377\360\014\000\040\000P\000R\000O\000J\000E\000C\000T}{}% 12
\BOOKMARK [2][-]{subsection.6.1}{\376\377\000I\000n\000f\000u\000s\000i\000o\000n\000\040\000a\000l\000a\000r\000m\000\040\000d\000e\000v\000i\000c\000e\000\040\000b\000a\000s\000e\000d\000\040\000o\000n\000\040\0005\0001\000\040\000m\000i\000c\000r\000o\000c\000o\000n\000t\000r\000o\000l\000l\000e\000r}{section.6}% 13
\BOOKMARK [2][-]{subsection.6.2}{\376\377\000A\000u\000t\000o\000n\000o\000m\000o\000u\000s\000\040\000v\000e\000h\000i\000c\000l\000e}{section.6}% 14
\BOOKMARK [2][-]{subsection.6.3}{\376\377\000R\000e\000m\000o\000t\000e\000\040\000a\000m\000p\000l\000i\000t\000u\000d\000e\000\040\000f\000r\000e\000q\000u\000e\000n\000c\000y\000\040\000c\000h\000a\000r\000a\000c\000t\000e\000r\000i\000s\000t\000i\000c\000\040\000t\000e\000s\000t\000\040\000d\000e\000v\000i\000c\000e}{section.6}% 15
\BOOKMARK [2][-]{subsection.6.4}{\376\377\000D\000e\000s\000i\000g\000n\000\040\000o\000f\000\040\000s\000m\000a\000r\000t\000\040\000h\000o\000m\000e\000\040\000s\000y\000s\000t\000e\000m\000\040\000b\000a\000s\000e\000d\000\040\000o\000n\000\040\000r\000a\000s\000p\000b\000e\000r\000r\000y\000p\000i}{section.6}% 16
\BOOKMARK [1][-]{section.7}{\376\377\361\133\000\040\000I\000N\000T\000E\000R\000S\000H\000I\000P}{}% 17
\BOOKMARK [2][-]{subsection.7.1}{\376\377\000H\000u\000a\000w\000e\000i\000\040\000C\000o\000.\000,\000\040\000L\000t\000d}{section.7}% 18
\BOOKMARK [1][-]{section.8}{\376\377\360\205\000\040\000P\000R\000O\000F\000E\000S\000S\000I\000O\000N\000A\000L\000\040\000S\000K\000I\000L\000L\000S}{}% 19
\BOOKMARK [1][-]{section.9}{\376\377\361\156\000\040\000O\000T\000H\000E\000R\000S}{}% 20
