\BOOKMARK [1][-]{section.1}{\376\377\361\235\000\040\145\131\200\262\200\314\146\157}{}% 1
\BOOKMARK [2][-]{subsection.1.1}{\376\377\131\051\155\045\135\345\116\032\131\047\133\146\000,\000\040\131\051\155\045}{section.1}% 2
\BOOKMARK [1][-]{section.2}{\376\377\360\303\000\040\171\321\170\024\176\317\123\206}{}% 3
\BOOKMARK [2][-]{subsection.2.1}{\376\377\167\074\136\225\126\376\120\317\142\374\143\245}{section.2}% 4
\BOOKMARK [2][-]{subsection.2.2}{\376\377\127\372\116\216\000T\000O\000I\166\204\137\303\163\207\210\100\123\213\155\113\221\317\145\271\154\325\170\024\172\166}{section.2}% 5
\BOOKMARK [1][-]{section.3}{\376\377\360\261\000\040\133\146\165\037\135\345\117\134}{}% 6
\BOOKMARK [2][-]{subsection.3.1}{\376\377\126\375\226\105\145\131\200\262\133\146\226\142\133\146\165\037\117\032\133\243\117\040\220\350\000\040\136\162\116\213}{section.3}% 7
\BOOKMARK [2][-]{subsection.3.2}{\376\377\163\355\136\162\220\350\000\040\133\243\117\040\131\324\124\130}{section.3}% 8
\BOOKMARK [2][-]{subsection.3.3}{\376\377\163\355\136\162\220\350\000\040\126\342\145\057\220\350\116\146\213\260}{section.3}% 9
\BOOKMARK [1][-]{section.4}{\376\377\360\212\000\040\142\100\203\267\203\143\212\211}{}% 10
\BOOKMARK [2][-]{subsection.4.1}{\376\377\117\030\171\300\121\161\227\122\126\342\124\130}{section.4}% 11
\BOOKMARK [2][-]{subsection.4.2}{\376\377\117\030\171\300\163\355\136\162\220\350}{section.4}% 12
\BOOKMARK [2][-]{subsection.4.3}{\376\377\122\033\145\260\147\157\172\336\215\133\377\010\150\041\176\247\377\011\000\040\116\011\173\111\131\126}{section.4}% 13
\BOOKMARK [2][-]{subsection.4.4}{\376\377\136\010\165\037\147\027\213\365\153\324\215\133\377\010\131\051\155\045\136\002\136\002\176\247\377\011\000\040\116\214\173\111\131\126}{section.4}% 14
\BOOKMARK [2][-]{subsection.4.5}{\376\377\202\202\200\375\121\317\143\222\172\336\215\133\377\010\131\051\155\045\136\002\136\002\176\247\377\011\000\040\116\011\173\111\131\126}{section.4}% 15
\BOOKMARK [2][-]{subsection.4.6}{\376\377\145\260\135\345\171\321\172\336\215\133\377\010\131\051\155\045\136\002\136\002\176\247\377\011\000\040\116\011\173\111\131\126}{section.4}% 16
\BOOKMARK [1][-]{section.5}{\376\377\361\051\000\040\201\352\142\021\213\304\116\367}{}% 17
\BOOKMARK [1][-]{section.6}{\376\377\360\044\000\040\121\164\215\243\162\061\131\175}{}% 18
\BOOKMARK [1][-]{section.7}{\376\377\360\014\000\040\230\171\166\356\176\317\123\206}{}% 19
\BOOKMARK [2][-]{subsection.7.1}{\376\377\127\372\116\216\0005\0001\123\125\162\107\147\072\166\204\217\223\155\262\142\245\213\146\210\305\177\156}{section.7}% 20
\BOOKMARK [2][-]{subsection.7.2}{\376\377\201\352\122\250\232\176\232\166\154\175\217\146}{section.7}% 21
\BOOKMARK [2][-]{subsection.7.3}{\376\377\217\334\172\013\136\105\230\221\162\171\140\047\155\113\213\325\210\305\177\156}{section.7}% 22
\BOOKMARK [2][-]{subsection.7.4}{\376\377\127\372\116\216\150\021\203\223\155\076\166\204\146\172\200\375\133\266\134\105\174\373\176\337\213\276\213\241}{section.7}% 23
\BOOKMARK [1][-]{section.8}{\376\377\361\133\000\040\133\236\116\140\176\317\123\206}{}% 24
\BOOKMARK [2][-]{subsection.8.1}{\376\377\123\116\116\072\227\122\136\164\137\000\123\321\200\005\213\255\176\303\204\045}{section.8}% 25
\BOOKMARK [1][-]{section.9}{\376\377\360\205\000\040\116\023\116\032\142\200\200\375}{}% 26
\BOOKMARK [1][-]{section.10}{\376\377\361\156\000\040\121\166\116\326}{}% 27
